e:\github\smilegate_project\debug\vc142.pdb
e:\github\smilegate_project\debug\vc142.idb
e:\github\smilegate_project\debug\smilegate_project.obj
e:\github\smilegate_project\debug\sdkmisc.obj
e:\github\smilegate_project\debug\sdkmesh.obj
e:\github\smilegate_project\debug\dxutsettingsdlg.obj
e:\github\smilegate_project\debug\dxutres.obj
e:\github\smilegate_project\debug\dxutgui.obj
e:\github\smilegate_project\debug\dxutcamera.obj
e:\github\smilegate_project\debug\dxutmisc.obj
e:\github\smilegate_project\debug\dxutenum.obj
e:\github\smilegate_project\debug\smilegate_project.pch
e:\github\smilegate_project\debug\dxut.obj
e:\github\smilegate_project\debug\ctexture.obj
e:\github\smilegate_project\debug\cscenemanager.obj
e:\github\smilegate_project\debug\cscene.obj
e:\github\smilegate_project\debug\cmaingame.obj
e:\github\smilegate_project\debug\cinputmanager.obj
e:\github\smilegate_project\debug\cimagemanager.obj
e:\github\smilegate_project\debug\cgameobject.obj
e:\github\smilegate_project\debug\cgamemanager.obj
e:\github\smilegate_project\debug\smilegate_project.ilk
e:\github\smilegate_project\debug\smilegate_project.exe
e:\github\smilegate_project\debug\smilegate_project.pdb
e:\github\smilegate_project\debug\smilegate_project.res
e:\github\smilegate_project\debug\smilegat.d3d09108.tlog\cl.command.1.tlog
e:\github\smilegate_project\debug\smilegat.d3d09108.tlog\cl.read.1.tlog
e:\github\smilegate_project\debug\smilegat.d3d09108.tlog\cl.write.1.tlog
e:\github\smilegate_project\debug\smilegat.d3d09108.tlog\link.6944.delete.1.tlog
e:\github\smilegate_project\debug\smilegat.d3d09108.tlog\link.command.1.tlog
e:\github\smilegate_project\debug\smilegat.d3d09108.tlog\link.delete.1.tlog
e:\github\smilegate_project\debug\smilegat.d3d09108.tlog\link.read.1.tlog
e:\github\smilegate_project\debug\smilegat.d3d09108.tlog\link.write.1.tlog
e:\github\smilegate_project\debug\smilegat.d3d09108.tlog\rc.command.1.tlog
e:\github\smilegate_project\debug\smilegat.d3d09108.tlog\rc.read.1.tlog
e:\github\smilegate_project\debug\smilegat.d3d09108.tlog\rc.write.1.tlog
